[
Boat ("dc", dc, "Billy O'Mahony", "Damien Hawkins", 1062), 
Boat ("dc", dc, "Brendan Glynn", "", 1043), 
Boat ("dc", dc, "Brian Park", "Sue Corcoran", 1006), 
Boat ("dc", dc, "Chris Caher", "", 934), 
Boat ("dc", dc, "Coranne Heffernan", "Tomas Galvin", 1048), 
Boat ("dc", dc, "Des McMahon", "Pat Biesty", 990), 
Boat ("dc", dc, "Eamonn Benfredji", "", 1001), 
Boat ("dc", dc, "George Fitzgerald", "Frank Mulqueen", 1120), 
Boat ("dc", dc, "Hugh Ward", "Colm Ward", 979), 
Boat ("dc", dc, "Iarlaith C", "", 1026), 
Boat ("dc", dc, "Jim OSullivan", "Kevin Donlon", 1010), 
Boat ("dc", dc, "John Tuohy", "Jane Tuohy", 1004), 
Boat ("dc", dc, "Margaret Hynes", "Mike Hayes", 958), 
Boat ("dc", dc, "Mike Haig", "Niamh Haig", 960), 
Boat ("dc", dc, "Mike O'Dea", "", 964), 
Boat ("dc", dc, "Niamh Edwards", "", 964), 
Boat ("dc", dc, "Sarah Byrt", "", 964), 
Boat ("dc", dc, "Sean Hynes", "", 943), 
Boat ("dc", dc, "Tom McHugh", "Lelia O'Shaughnessey", 991), 
Boat ("dc", dc, "Tommy Scott", "Martin Golden", 1024)]